369
65
131
296
267
939
46
841
898
453
326
416
717
373
579
307
7
739
353
407
185
792
719
177
167
149
76
4
308
865
99
112
13
321
950
1
620
971
252
746
104
321
986
349
415
30
361
53
124
31
335
263
27
66
289
219
463
31
145
75
935
319
123
326
78
551
100
255
914
117
149
327
372
320
95
620
153
49
773
611
623
190
118
271
207
172
421
439
10
639
145
124
639
80
42
193
276
160
63
437
101
43
549
693
167
6
940
997
691
926
142
265
31
365
121
263
135
349
373
424
959
247
66
455
626
147
119
433
977
67
93
118
45
682
32
551
716
481
313
127
263
473
85
17
631
45
657
592
751
711
453
881
91
479
686
19
298
20
647
790
109
761
479
236
970
100
307
177
8
507
569
646
219
37
123
353
194
301
425
521
155
407
43
184
53
197
286
712
255
156
45
33
56
506
7
326
235
87
79
364
217
916
321
211
821
287
519
787
18
169
39
722
121
491
990
199
694
416
148
291
831
247
658
324
155
701
613
220
277
480
917
48
479
839
29
383
489
28
909
854
616
91
849
485
803
11
261
45
39
116
91
233
172
62
715
13
131
57
336
109
127
190
194
258
779
538
651
499
869
62
375
650
287
78
662
987
368
670
641
201
971
18
909
113
318
120
313
7
271
270
151
947
276
926
752
39
106
341
437
227
673
931
482
223
33
155
34
13
157
379
777
974
208
105
944
283
883
289
724
71
112
989
479
853
133
101
83
612
229
82
377
249
59
12
2
239
838
7
395
101
791
121
675
37
235
286
49
321
685
157
350
591
464
73
106
379
535
235
186
411
34
734
892
197
9
364
137
498
407
410
911
419
640
34
927
185
137
107
11
349
43
35
116
256
575
189
248
22
236
177
524
47
391
907
569
359
234
302
4
44
139
158
80
98
15
3
199
81
806
243
64
902
246
917
764
478
590
381
202
2
652
254
436
282
127
353
455
332
1
289
553
287
259
92
68
681
517
49
364
524
11
71
215
231
853
669
444
984
908
146
885
230
5
17
721
187
173
32
757
340
193
333
529
599
413
636
191
285
457
515
227
979
979
6
715
169
80
89
402
32
11
569
229
756
25
911
29
75
546
455
76
287
325
400
155
89
835
1
515
3
435
195
173
770
70
473
157
577
199
432
7
205
435
307
606
479
104
734
7
327
46
118
12
626
225
375
9
23
109
782
927
197
17
197
107
463
910
227
481
523
169
635
214
655
450
192
71
5
440
9
413
131
414
303
7
833
632
444
218
2
937
801
938
105
890
609
357
723
605
404
267
491
587
153
441
2
509
191
109
32
7
848
505
358
741
271
327
473
7
25
30
127
449
482
563
520
157
601
229
935
294
229
835
929
215
587
128
373
8
649
59
69
32
51
163
966
707
296
241
163
239
195
198
506
53
1
74
161
381
129
312
505
487
136
5
463
34
14
527
267
361
15
56
409
200
251
452
57
334
233
103
232
463
578
447
233
347
545
73
563
308
297
233
171
819
499
95
26
597
593
701
89
539
67
224
928
493
431
89
191
279
157
769
251
263
150
157
84
107
934
689
605
426
5
426
155
503
355
197
227
291
491
108
2
1
502
474
469
151
360
958
61
853
999
359
423
295
577
452
559
562
349
139
23
82
512
70
99
949
207
199
351
145
686
325
31
132
149
5
19
17
147
364
324
163
9
19
705
112
852
131
43
89
94
178
211
503
443
118
294
844
72
894
940
407
14
81
473
283
20
88
109
637
637
70
217
369
1
394
78
841
111
118
120
775
285
68
441
2
229
727
264
17
119
234
502
476
281
693
53
241
473
610
595
632
10
103
258
736
251
13
477
811
43
541
70
78
773
869
191
103
659
549
797
159
311
635
271
799
206
563
171
343
293
688
22
23
240
520
13
169
288
47
197
84
810
971
201
208
499
77
662
387
68
418
75
945
573
672
118
982
321
4
140
158
482
569
89
77
20
697
14
98
299
137
104
499
675
933
469
766
75
500
369
233
921
725
79
886
59
41
859
193
5
453
905
141
973
4
952
991
722
168
344
66
60
91
189
625
25
331
283
543
682
26
779
405
489
735
326
963
632
33
878
80
93
978
380
119
328
139
23
362
869
341
121
501
3
495
34
235
334
13
160
611
249
495
965
455
87
66
839
177
37
982
271
366
699
81
82
83
355
667
117
57
25
863
720
235
530
86
341
142
106
931
339
771
28
35
407
186
3
273
309
354
621
59
387
148
11
242
63
730
163
967
370
971
122
256
893
