188
223
205
217
211
243
291
213
193
185
260
292
191
243
241
216
212
267
272
261
206
184
187
232
191
212
236
252
231
242
176
181
213
284
250
213
279
269
179
266
275
260
151
252
203
214
222
214
246
252
162
243
211
312
210
267
290
264
245
241
226
163
244
183
265
288
233
212
246
216
185
233
200
265
218
232
245
201
282
217
284
221
276
282
158
267
267
167
241
162
201
216
162
175
209
166
192
195
159
255
229
236
229
253
196
224
278
183
237
271
277
285
242
257
307
175
178
218
247
257
227
268
260
243
162
236
308
230
268
199
266
177
274
285
217
210
272
246
301
318
249
238
161
255
252
287
198
260
212
192
197
199
177
267
175
192
236
276
194
162
249
216
274
172
232
233
287
281
260
177
182
229
241
240
191
228
237
226
229
285
226
223
281
168
238
266
250
186
223
241
242
208
259
270
187
213
217
219
239
218
255
163
240
240
290
280
195
229
279
274
231
294
249
206
246
251
202
195
180
256
260
188
228
194
261
280
232
177
206
248
273
200
288
176
287
240
256
242
206
270
251
206
226
186
208
158
276
276
200
273
235
292
247
249
272
203
242
229
209
286
156
275
256
261
219
294
201
283
284
159
242
216
214
158
188
164
164
308
266
251
178
280
242
224
183
204
209
188
228
282
204
201
247
240
205
219
259
252
257
199
182
183
246
218
272
188
267
276
281
187
187
192
164
287
211
202
203
159
233
199
232
252
171
294
207
209
209
248
249
289
252
193
229
241
277
220
286
150
225
206
267
248
204
217
179
253
241
255
174
239
260
232
213
209
241
229
200
309
285
262
230
164
227
255
176
252
162
197
216
301
179
184
279
177
261
167
229
187
204
196
247
237
225
213
206
224
192
240
242
311
180
215
278
237
222
173
135
175
175
156
203
162
198
282
214
194
200
195
275
221
163
176
252
211
225
254
176
195
160
195
257
186
191
238
237
213
219
190
179
196
157
214
236
277
218
172
254
278
266
251
174
270
248
216
187
170
182
245
199
224
248
212
262
256
256
153
238
162
253
252
162
227
270
257
156
278
165
262
223
249
289
190
230
285
226
163
242
264
295
161
280
230
189
257
215
256
227
296
243
216
185
238
176
167
181
223
264
217
180
163
181
265
252
293
156
176
160
223
179
276
260
313
190
275
202
239
190
187
205
260
228
231
293
250
303
215
273
253
244
201
229
184
158
258
234
153
232
200
280
229
200
220
257
213
187
290
241
238
191
201
162
168
189
201
194
303
196
196
238
269
285
268
205
189
256
263
223
179
264
163
235
263
288
259
177
258
210
176
223
162
258
176
220
227
253
208
166
265
197
283
246
202
200
187
204
253
169
186
163
294
197
219
226
248
177
202
214
189
180
256
214
191
240
231
248
203
277
286
283
292
287
309
265
232
170
272
272
229
255
191
257
279
212
279
169
229
232
185
187
163
268
189
277
167
183
205
226
164
208
247
165
154
204
291
174
220
244
171
221
241
220
204
268
217
290
235
201
209
159
180
158
232
203
210
280
242
221
242
157
214
268
241
210
258
198
285
169
298
158
271
186
285
170
296
167
250
269
246
181
248
293
262
260
241
240
201
229
185
166
220
207
161
236
286
211
291
220
214
184
190
229
236
220
183
220
251
235
227
255
217
274
214
214
259
178
262
254
229
206
192
153
174
229
198
160
207
239
269
195
231
277
181
235
218
280
213
170
197
229
232
214
155
171
293
251
247
219
278
214
225
296
201
203
263
265
262
149
215
191
196
154
271
266
215
143
275
181
214
212
235
259
247
231
206
252
293
214
257
180
241
265
195
229
245
254
252
249
200
245
223
248
236
223
259
173
245
196
206
257
202
158
254
197
198
177
257
195
162
266
186
268
219
230
177
227
200
176
259
220
270
209
176
238
196
247
216
206
275
249
273
270
265
253
241
260
243
236
207
183
204
256
230
180
211
218
228
179
288
204
195
258
246
216
183
166
195
173
219
242
238
199
263
245
264
222
231
247
218
266
276
219
189
244
227
163
231
202
268
206
177
157
203
176
272
222
239
252
228
179
170
221
199
237
211
156
230
150
200
205
255
169
172
190
167
173
230
231
175
159
248
255
168
289
303
217
236
287
218
284
214
326
171
259
293
275
236
219
259
185
275
193
166
284
193
277
207
294
231
169
239
231
153
238
269
251
262
161
166
216
170
182
216
265
232
177
209
216
157
266
239
217
276
225
242
209
274
272
206
252
268
264
216
291
238
203
222
268
236
180
225
