230379
334061
326975
290055
309243
219782
284290
211730
252963
323290
252714
264976
312216
346597
322142
229662
298214
286586
345348
315202
309062
329223
223091
249263
210630
223293
260336
337846
272452
289987
275973
290626
289876
215072
217929
320017
243763
241964
215857
275754
234112
283185
293140
263495
285628
232387
257538
331915
271009
248172
268281
321425
288870
342493
279061
230386
230549
249405
258034
248279
244658
276656
283664
269305
319201
288504
213449
321934
326677
298198
286157
273105
307403
217485
282109
275246
330273
268210
230463
249756
253741
286385
247348
243292
292318
228217
364741
251258
283758
307704
198346
219636
213981
226278
218019
271210
313293
248184
291306
299153
