19032749
11501149
18543305
15268046
16668837
19133239
20535977
26340963
19634624
22470341
22921684
21283068
19973150
14871015
15461679
17401848
20070998
25050935
14749477
21600016
16409010
16823919
18561318
16402128
15256007
23569685
18204725
19512815
15504085
20609679
17327231
23553319
16938068
16957870
17482194
22459818
18148519
14758680
21862376
15263358
12203613
14720783
19650024
22477882
17636185
19457264
15415889
18172850
17038401
18804961
21524022
20370244
23359421
22322091
20525491
16331155
19882871
22968326
18188590
16107443
18976376
21410511
17655341
18748824
20950502
16191977
13323578
17642967
24016247
13878444
18475412
21609382
15692501
17772274
14861873
22203681
15127013
20855076
20032985
13930626
20003257
24824127
20094643
15228375
16849586
17454522
13898859
24097362
12991396
22317906
28550769
23581232
16624758
24484383
20470557
23023127
17102673
17829996
29327105
21226099
